Analysis & Synthesis report for vga
Wed Jun 20 12:28:26 2018
Quartus Prime Version 18.0.0 Build 614 04/24/2018 SJ Lite Edition


---------------------
; Table of Contents ;
---------------------
  1. Legal Notice
  2. Analysis & Synthesis Summary
  3. Analysis & Synthesis Settings
  4. Parallel Compilation
  5. Analysis & Synthesis Source Files Read
  6. Analysis & Synthesis Resource Usage Summary
  7. Analysis & Synthesis Resource Utilization by Entity
  8. Registers Removed During Synthesis
  9. General Register Statistics
 10. Inverted Register Statistics
 11. Multiplexer Restructuring Statistics (Restructuring Performed)
 12. Parameter Settings for User Entity Instance: Top-level Entity: |vga
 13. Post-Synthesis Netlist Statistics for Top Partition
 14. Elapsed Time Per Partition
 15. Analysis & Synthesis Messages



----------------
; Legal Notice ;
----------------
Copyright (C) 2018  Intel Corporation. All rights reserved.
Your use of Intel Corporation's design tools, logic functions 
and other software and tools, and its AMPP partner logic 
functions, and any output files from any of the foregoing 
(including device programming or simulation files), and any 
associated documentation or information are expressly subject 
to the terms and conditions of the Intel Program License 
Subscription Agreement, the Intel Quartus Prime License Agreement,
the Intel FPGA IP License Agreement, or other applicable license
agreement, including, without limitation, that your use is for
the sole purpose of programming logic devices manufactured by
Intel and sold by Intel or its authorized distributors.  Please
refer to the applicable agreement for further details.



+-------------------------------------------------------------------------------+
; Analysis & Synthesis Summary                                                  ;
+---------------------------------+---------------------------------------------+
; Analysis & Synthesis Status     ; Successful - Wed Jun 20 12:28:26 2018       ;
; Quartus Prime Version           ; 18.0.0 Build 614 04/24/2018 SJ Lite Edition ;
; Revision Name                   ; vga                                         ;
; Top-level Entity Name           ; vga                                         ;
; Family                          ; Cyclone V                                   ;
; Logic utilization (in ALMs)     ; N/A                                         ;
; Total registers                 ; 103                                         ;
; Total pins                      ; 28                                          ;
; Total virtual pins              ; 0                                           ;
; Total block memory bits         ; 0                                           ;
; Total DSP Blocks                ; 0                                           ;
; Total HSSI RX PCSs              ; 0                                           ;
; Total HSSI PMA RX Deserializers ; 0                                           ;
; Total HSSI TX PCSs              ; 0                                           ;
; Total HSSI PMA TX Serializers   ; 0                                           ;
; Total PLLs                      ; 0                                           ;
; Total DLLs                      ; 0                                           ;
+---------------------------------+---------------------------------------------+


+---------------------------------------------------------------------------------------------------------------------------+
; Analysis & Synthesis Settings                                                                                             ;
+---------------------------------------------------------------------------------+--------------------+--------------------+
; Option                                                                          ; Setting            ; Default Value      ;
+---------------------------------------------------------------------------------+--------------------+--------------------+
; Device                                                                          ; 5CGXFC7C7F23C8     ;                    ;
; Top-level entity name                                                           ; vga                ; vga                ;
; Family name                                                                     ; Cyclone V          ; Cyclone V          ;
; Use smart compilation                                                           ; Off                ; Off                ;
; Enable parallel Assembler and Timing Analyzer during compilation                ; On                 ; On                 ;
; Enable compact report table                                                     ; Off                ; Off                ;
; Restructure Multiplexers                                                        ; Auto               ; Auto               ;
; MLAB Add Timing Constraints For Mixed-Port Feed-Through Mode Setting Don't Care ; Off                ; Off                ;
; Create Debugging Nodes for IP Cores                                             ; Off                ; Off                ;
; Preserve fewer node names                                                       ; On                 ; On                 ;
; Intel FPGA IP Evaluation Mode                                                   ; Enable             ; Enable             ;
; Verilog Version                                                                 ; Verilog_2001       ; Verilog_2001       ;
; VHDL Version                                                                    ; VHDL_1993          ; VHDL_1993          ;
; State Machine Processing                                                        ; Auto               ; Auto               ;
; Safe State Machine                                                              ; Off                ; Off                ;
; Extract Verilog State Machines                                                  ; On                 ; On                 ;
; Extract VHDL State Machines                                                     ; On                 ; On                 ;
; Ignore Verilog initial constructs                                               ; Off                ; Off                ;
; Iteration limit for constant Verilog loops                                      ; 5000               ; 5000               ;
; Iteration limit for non-constant Verilog loops                                  ; 250                ; 250                ;
; Add Pass-Through Logic to Inferred RAMs                                         ; On                 ; On                 ;
; Infer RAMs from Raw Logic                                                       ; On                 ; On                 ;
; Parallel Synthesis                                                              ; On                 ; On                 ;
; DSP Block Balancing                                                             ; Auto               ; Auto               ;
; NOT Gate Push-Back                                                              ; On                 ; On                 ;
; Power-Up Don't Care                                                             ; On                 ; On                 ;
; Remove Redundant Logic Cells                                                    ; Off                ; Off                ;
; Remove Duplicate Registers                                                      ; On                 ; On                 ;
; Ignore CARRY Buffers                                                            ; Off                ; Off                ;
; Ignore CASCADE Buffers                                                          ; Off                ; Off                ;
; Ignore GLOBAL Buffers                                                           ; Off                ; Off                ;
; Ignore ROW GLOBAL Buffers                                                       ; Off                ; Off                ;
; Ignore LCELL Buffers                                                            ; Off                ; Off                ;
; Ignore SOFT Buffers                                                             ; On                 ; On                 ;
; Limit AHDL Integers to 32 Bits                                                  ; Off                ; Off                ;
; Optimization Technique                                                          ; Balanced           ; Balanced           ;
; Carry Chain Length                                                              ; 70                 ; 70                 ;
; Auto Carry Chains                                                               ; On                 ; On                 ;
; Auto Open-Drain Pins                                                            ; On                 ; On                 ;
; Perform WYSIWYG Primitive Resynthesis                                           ; Off                ; Off                ;
; Auto ROM Replacement                                                            ; On                 ; On                 ;
; Auto RAM Replacement                                                            ; On                 ; On                 ;
; Auto DSP Block Replacement                                                      ; On                 ; On                 ;
; Auto Shift Register Replacement                                                 ; Auto               ; Auto               ;
; Allow Shift Register Merging across Hierarchies                                 ; Auto               ; Auto               ;
; Auto Clock Enable Replacement                                                   ; On                 ; On                 ;
; Strict RAM Replacement                                                          ; Off                ; Off                ;
; Allow Synchronous Control Signals                                               ; On                 ; On                 ;
; Force Use of Synchronous Clear Signals                                          ; Off                ; Off                ;
; Auto Resource Sharing                                                           ; Off                ; Off                ;
; Allow Any RAM Size For Recognition                                              ; Off                ; Off                ;
; Allow Any ROM Size For Recognition                                              ; Off                ; Off                ;
; Allow Any Shift Register Size For Recognition                                   ; Off                ; Off                ;
; Use LogicLock Constraints during Resource Balancing                             ; On                 ; On                 ;
; Ignore translate_off and synthesis_off directives                               ; Off                ; Off                ;
; Timing-Driven Synthesis                                                         ; On                 ; On                 ;
; Report Parameter Settings                                                       ; On                 ; On                 ;
; Report Source Assignments                                                       ; On                 ; On                 ;
; Report Connectivity Checks                                                      ; On                 ; On                 ;
; Ignore Maximum Fan-Out Assignments                                              ; Off                ; Off                ;
; Synchronization Register Chain Length                                           ; 3                  ; 3                  ;
; Power Optimization During Synthesis                                             ; Normal compilation ; Normal compilation ;
; HDL message level                                                               ; Level2             ; Level2             ;
; Suppress Register Optimization Related Messages                                 ; Off                ; Off                ;
; Number of Removed Registers Reported in Synthesis Report                        ; 5000               ; 5000               ;
; Number of Swept Nodes Reported in Synthesis Report                              ; 5000               ; 5000               ;
; Number of Inverted Registers Reported in Synthesis Report                       ; 100                ; 100                ;
; Clock MUX Protection                                                            ; On                 ; On                 ;
; Auto Gated Clock Conversion                                                     ; Off                ; Off                ;
; Block Design Naming                                                             ; Auto               ; Auto               ;
; SDC constraint protection                                                       ; Off                ; Off                ;
; Synthesis Effort                                                                ; Auto               ; Auto               ;
; Shift Register Replacement - Allow Asynchronous Clear Signal                    ; On                 ; On                 ;
; Pre-Mapping Resynthesis Optimization                                            ; Off                ; Off                ;
; Analysis & Synthesis Message Level                                              ; Medium             ; Medium             ;
; Disable Register Merging Across Hierarchies                                     ; Auto               ; Auto               ;
; Resource Aware Inference For Block RAM                                          ; On                 ; On                 ;
; Automatic Parallel Synthesis                                                    ; On                 ; On                 ;
; Partial Reconfiguration Bitstream ID                                            ; Off                ; Off                ;
+---------------------------------------------------------------------------------+--------------------+--------------------+


+------------------------------------------+
; Parallel Compilation                     ;
+----------------------------+-------------+
; Processors                 ; Number      ;
+----------------------------+-------------+
; Number detected on machine ; 8           ;
; Maximum allowed            ; 4           ;
;                            ;             ;
; Average used               ; 1.00        ;
; Maximum used               ; 4           ;
;                            ;             ;
; Usage by Processor         ; % Time Used ;
;     Processor 1            ; 100.0%      ;
;     Processors 2-4         ;   0.0%      ;
+----------------------------+-------------+


+---------------------------------------------------------------------------------------------------------------------------------------------------------------------------------------------------------------------------------------+
; Analysis & Synthesis Source Files Read                                                                                                                                                                                                ;
+----------------------------------+-----------------+-----------------+------------------------------------------------------------------------------------------------------------------------------------------------------+---------+
; File Name with User-Entered Path ; Used in Netlist ; File Type       ; File Name with Absolute Path                                                                                                                         ; Library ;
+----------------------------------+-----------------+-----------------+------------------------------------------------------------------------------------------------------------------------------------------------------+---------+
; vga.vhd                          ; yes             ; User VHDL File  ; C:/Users/xiuzi/OneDrive - University of Massachusetts Lowell - UMass Lowell/3_ Field Programmable Gate Arrays Logic Design/project/homework4/vga.vhd ;         ;
+----------------------------------+-----------------+-----------------+------------------------------------------------------------------------------------------------------------------------------------------------------+---------+


+---------------------------------------------------------+
; Analysis & Synthesis Resource Usage Summary             ;
+---------------------------------------------+-----------+
; Resource                                    ; Usage     ;
+---------------------------------------------+-----------+
; Estimate of Logic utilization (ALMs needed) ; 89        ;
;                                             ;           ;
; Combinational ALUT usage for logic          ; 155       ;
;     -- 7 input functions                    ; 0         ;
;     -- 6 input functions                    ; 21        ;
;     -- 5 input functions                    ; 17        ;
;     -- 4 input functions                    ; 14        ;
;     -- <=3 input functions                  ; 103       ;
;                                             ;           ;
; Dedicated logic registers                   ; 103       ;
;                                             ;           ;
; I/O pins                                    ; 28        ;
;                                             ;           ;
; Total DSP Blocks                            ; 0         ;
;                                             ;           ;
; Maximum fan-out node                        ; clk~input ;
; Maximum fan-out                             ; 103       ;
; Total fan-out                               ; 908       ;
; Average fan-out                             ; 2.89      ;
+---------------------------------------------+-----------+


+----------------------------------------------------------------------------------------------------------------------------------------------------------------------------------------+
; Analysis & Synthesis Resource Utilization by Entity                                                                                                                                    ;
+----------------------------+---------------------+---------------------------+-------------------+------------+------+--------------+---------------------+-------------+--------------+
; Compilation Hierarchy Node ; Combinational ALUTs ; Dedicated Logic Registers ; Block Memory Bits ; DSP Blocks ; Pins ; Virtual Pins ; Full Hierarchy Name ; Entity Name ; Library Name ;
+----------------------------+---------------------+---------------------------+-------------------+------------+------+--------------+---------------------+-------------+--------------+
; |vga                       ; 155 (155)           ; 103 (103)                 ; 0                 ; 0          ; 28   ; 0            ; |vga                ; vga         ; work         ;
+----------------------------+---------------------+---------------------------+-------------------+------------+------+--------------+---------------------+-------------+--------------+
Note: For table entries with two numbers listed, the numbers in parentheses indicate the number of resources of the given type used by the specific entity alone. The numbers listed outside of parentheses indicate the total resources of the given type used by the specific entity and all of its sub-entities in the hierarchy.


+-------------------------------------------------------------+
; Registers Removed During Synthesis                          ;
+----------------------------------------+--------------------+
; Register name                          ; Reason for Removal ;
+----------------------------------------+--------------------+
; B[4]                                   ; Merged with B[0]   ;
; B[5]                                   ; Merged with B[1]   ;
; B[6]                                   ; Merged with B[2]   ;
; B[7]                                   ; Merged with B[3]   ;
; G[4]                                   ; Merged with G[0]   ;
; G[5]                                   ; Merged with G[1]   ;
; G[6]                                   ; Merged with G[2]   ;
; G[7]                                   ; Merged with G[3]   ;
; R[4]                                   ; Merged with R[0]   ;
; R[5]                                   ; Merged with R[1]   ;
; R[6]                                   ; Merged with R[2]   ;
; R[7]                                   ; Merged with R[3]   ;
; Total Number of Removed Registers = 12 ;                    ;
+----------------------------------------+--------------------+


+------------------------------------------------------+
; General Register Statistics                          ;
+----------------------------------------------+-------+
; Statistic                                    ; Value ;
+----------------------------------------------+-------+
; Total registers                              ; 103   ;
; Number of registers using Synchronous Clear  ; 58    ;
; Number of registers using Synchronous Load   ; 0     ;
; Number of registers using Asynchronous Clear ; 64    ;
; Number of registers using Asynchronous Load  ; 0     ;
; Number of registers using Clock Enable       ; 39    ;
; Number of registers using Preset             ; 0     ;
+----------------------------------------------+-------+


+---------------------------------------------------+
; Inverted Register Statistics                      ;
+-----------------------------------------+---------+
; Inverted Register                       ; Fan out ;
+-----------------------------------------+---------+
; Hcnt[7]                                 ; 12      ;
; Hcnt[0]                                 ; 3       ;
; Hcnt[9]                                 ; 10      ;
; Hcnt[3]                                 ; 2       ;
; Hcnt[2]                                 ; 2       ;
; Hcnt[1]                                 ; 2       ;
; Vcnt[3]                                 ; 2       ;
; Vcnt[7]                                 ; 4       ;
; Vcnt[6]                                 ; 4       ;
; Vcnt[5]                                 ; 4       ;
; Vcnt[8]                                 ; 4       ;
; Total number of inverted registers = 11 ;         ;
+-----------------------------------------+---------+


+------------------------------------------------------------------------------------------------------------------------------------------+
; Multiplexer Restructuring Statistics (Restructuring Performed)                                                                           ;
+--------------------+-----------+---------------+----------------------+------------------------+------------+----------------------------+
; Multiplexer Inputs ; Bus Width ; Baseline Area ; Area if Restructured ; Saving if Restructured ; Registered ; Example Multiplexer Output ;
+--------------------+-----------+---------------+----------------------+------------------------+------------+----------------------------+
; 9:1                ; 4 bits    ; 24 LEs        ; 20 LEs               ; 4 LEs                  ; Yes        ; |vga|R[0]                  ;
; 9:1                ; 8 bits    ; 48 LEs        ; 32 LEs               ; 16 LEs                 ; Yes        ; |vga|B[1]                  ;
+--------------------+-----------+---------------+----------------------+------------------------+------------+----------------------------+


+---------------------------------------------------------------------+
; Parameter Settings for User Entity Instance: Top-level Entity: |vga ;
+----------------+-------+--------------------------------------------+
; Parameter Name ; Value ; Type                                       ;
+----------------+-------+--------------------------------------------+
; pixels_x       ; 640   ; Signed Integer                             ;
; pixels_y       ; 480   ; Signed Integer                             ;
; Hsync_A        ; 800   ; Signed Integer                             ;
; Hsync_B        ; 655   ; Signed Integer                             ;
; Hsync_C        ; 751   ; Signed Integer                             ;
; Hsync_D        ; 799   ; Signed Integer                             ;
; Hsync_E        ; 639   ; Signed Integer                             ;
; Vsync_O        ; 525   ; Signed Integer                             ;
; Vsync_P        ; 489   ; Signed Integer                             ;
; Vsync_Q        ; 491   ; Signed Integer                             ;
; Vsync_R        ; 524   ; Signed Integer                             ;
; Vsync_S        ; 479   ; Signed Integer                             ;
+----------------+-------+--------------------------------------------+
Note: In order to hide this table in the UI and the text report file, please set the "Show Parameter Settings in Synthesis Report" option in "Analysis and Synthesis Settings -> More Settings" to "Off".


+-----------------------------------------------------+
; Post-Synthesis Netlist Statistics for Top Partition ;
+-----------------------+-----------------------------+
; Type                  ; Count                       ;
+-----------------------+-----------------------------+
; arriav_ff             ; 103                         ;
;     CLR               ; 14                          ;
;     CLR SCLR          ; 50                          ;
;     ENA               ; 31                          ;
;     ENA SCLR          ; 8                           ;
; arriav_lcell_comb     ; 155                         ;
;     arith             ; 64                          ;
;         1 data inputs ; 63                          ;
;         2 data inputs ; 1                           ;
;     normal            ; 91                          ;
;         1 data inputs ; 5                           ;
;         2 data inputs ; 14                          ;
;         3 data inputs ; 20                          ;
;         4 data inputs ; 14                          ;
;         5 data inputs ; 17                          ;
;         6 data inputs ; 21                          ;
; boundary_port         ; 28                          ;
;                       ;                             ;
; Max LUT depth         ; 5.10                        ;
; Average LUT depth     ; 3.18                        ;
+-----------------------+-----------------------------+


+-------------------------------+
; Elapsed Time Per Partition    ;
+----------------+--------------+
; Partition Name ; Elapsed Time ;
+----------------+--------------+
; Top            ; 00:00:00     ;
+----------------+--------------+


+-------------------------------+
; Analysis & Synthesis Messages ;
+-------------------------------+
Info: *******************************************************************
Info: Running Quartus Prime Analysis & Synthesis
    Info: Version 18.0.0 Build 614 04/24/2018 SJ Lite Edition
    Info: Processing started: Wed Jun 20 12:28:14 2018
Info: Command: quartus_map --read_settings_files=on --write_settings_files=off vga -c vga
Warning (18236): Number of processors has not been specified which may cause overloading on shared machines.  Set the global assignment NUM_PARALLEL_PROCESSORS in your QSF to an appropriate value for best performance.
Info (20030): Parallel compilation is enabled and will use 4 of the 4 processors detected
Info (12021): Found 2 design units, including 1 entities, in source file vga.vhd
    Info (12022): Found design unit 1: vga-behavior File: C:/Users/xiuzi/OneDrive - University of Massachusetts Lowell - UMass Lowell/3_ Field Programmable Gate Arrays Logic Design/project/homework4/vga.vhd Line: 40
    Info (12023): Found entity 1: vga File: C:/Users/xiuzi/OneDrive - University of Massachusetts Lowell - UMass Lowell/3_ Field Programmable Gate Arrays Logic Design/project/homework4/vga.vhd Line: 9
Info (12127): Elaborating entity "vga" for the top level hierarchy
Info (286030): Timing-Driven Synthesis is running
Critical Warning (18061): Ignored Power-Up Level option on the following registers
    Critical Warning (18010): Register Hcnt[7] will power up to High File: C:/Users/xiuzi/OneDrive - University of Massachusetts Lowell - UMass Lowell/3_ Field Programmable Gate Arrays Logic Design/project/homework4/vga.vhd Line: 54
    Critical Warning (18010): Register Hcnt[9] will power up to High File: C:/Users/xiuzi/OneDrive - University of Massachusetts Lowell - UMass Lowell/3_ Field Programmable Gate Arrays Logic Design/project/homework4/vga.vhd Line: 54
    Critical Warning (18010): Register Hcnt[3] will power up to High File: C:/Users/xiuzi/OneDrive - University of Massachusetts Lowell - UMass Lowell/3_ Field Programmable Gate Arrays Logic Design/project/homework4/vga.vhd Line: 54
    Critical Warning (18010): Register Hcnt[2] will power up to High File: C:/Users/xiuzi/OneDrive - University of Massachusetts Lowell - UMass Lowell/3_ Field Programmable Gate Arrays Logic Design/project/homework4/vga.vhd Line: 54
    Critical Warning (18010): Register Hcnt[1] will power up to High File: C:/Users/xiuzi/OneDrive - University of Massachusetts Lowell - UMass Lowell/3_ Field Programmable Gate Arrays Logic Design/project/homework4/vga.vhd Line: 54
    Critical Warning (18010): Register Hcnt[31] will power up to Low File: C:/Users/xiuzi/OneDrive - University of Massachusetts Lowell - UMass Lowell/3_ Field Programmable Gate Arrays Logic Design/project/homework4/vga.vhd Line: 54
    Critical Warning (18010): Register Vcnt[8] will power up to High File: C:/Users/xiuzi/OneDrive - University of Massachusetts Lowell - UMass Lowell/3_ Field Programmable Gate Arrays Logic Design/project/homework4/vga.vhd Line: 54
    Critical Warning (18010): Register Vcnt[0] will power up to Low File: C:/Users/xiuzi/OneDrive - University of Massachusetts Lowell - UMass Lowell/3_ Field Programmable Gate Arrays Logic Design/project/homework4/vga.vhd Line: 54
    Critical Warning (18010): Register Vcnt[31] will power up to Low File: C:/Users/xiuzi/OneDrive - University of Massachusetts Lowell - UMass Lowell/3_ Field Programmable Gate Arrays Logic Design/project/homework4/vga.vhd Line: 54
    Critical Warning (18010): Register Vcnt[3] will power up to High File: C:/Users/xiuzi/OneDrive - University of Massachusetts Lowell - UMass Lowell/3_ Field Programmable Gate Arrays Logic Design/project/homework4/vga.vhd Line: 54
    Critical Warning (18010): Register Vcnt[7] will power up to High File: C:/Users/xiuzi/OneDrive - University of Massachusetts Lowell - UMass Lowell/3_ Field Programmable Gate Arrays Logic Design/project/homework4/vga.vhd Line: 54
    Critical Warning (18010): Register Vcnt[6] will power up to High File: C:/Users/xiuzi/OneDrive - University of Massachusetts Lowell - UMass Lowell/3_ Field Programmable Gate Arrays Logic Design/project/homework4/vga.vhd Line: 54
    Critical Warning (18010): Register Vcnt[5] will power up to High File: C:/Users/xiuzi/OneDrive - University of Massachusetts Lowell - UMass Lowell/3_ Field Programmable Gate Arrays Logic Design/project/homework4/vga.vhd Line: 54
Info (16010): Generating hard_block partition "hard_block:auto_generated_inst"
    Info (16011): Adding 0 node(s), including 0 DDIO, 0 PLL, 0 transceiver and 0 LCELL
Info (21057): Implemented 207 device resources after synthesis - the final resource count might be different
    Info (21058): Implemented 2 input pins
    Info (21059): Implemented 26 output pins
    Info (21061): Implemented 179 logic cells
Info: Quartus Prime Analysis & Synthesis was successful. 0 errors, 15 warnings
    Info: Peak virtual memory: 4875 megabytes
    Info: Processing ended: Wed Jun 20 12:28:27 2018
    Info: Elapsed time: 00:00:13
    Info: Total CPU time (on all processors): 00:00:28


